<?xml version="1.0" encoding="UTF-8"?>
<!-- Generated by org.testng.reporters.JUnitReportReporter -->
<testsuite hostname="DellRajesh" failures="0" tests="1" name="RajeshNare.MavenforTry.TestDemo01" time="0.030" errors="0" timestamp="2022-01-21T15:08:58 IST" skipped="0">
  <testcase classname="RajeshNare.MavenforTry.TestDemo01" name="printing" time="0.030"/>
  <system-out/>
</testsuite> <!-- RajeshNare.MavenforTry.TestDemo01 -->
