<?xml version="1.0" encoding="UTF-8"?>
<!-- Generated by org.testng.reporters.JUnitReportReporter -->
<testsuite skipped="0" hostname="DellRajesh" name="RajeshNare.MavenforTry.TestDemo01" tests="1" failures="0" timestamp="2022-01-21T15:13:16 IST" time="0.010" errors="0">
  <testcase name="printing" time="0.010" classname="RajeshNare.MavenforTry.TestDemo01"/>
  <system-out/>
</testsuite> <!-- RajeshNare.MavenforTry.TestDemo01 -->
